

HI-TECH Software PIC LITE Macro Assembler V1.00 build 12136 
                                                                                               Mon Feb 28 14:45:14 2022

HI-TECH Software Omniscient Code Generator (Lite mode) build 12136
     1  0000                     opt subtitle "HI-TECH Software Omniscient Code Generator (Lite mode) build 12136"
     2                           
     3                           opt pagewidth 120
     4                           
     5                           	opt lm
     6                           
     7                           	processor	16F887
     8                           clrc	macro
     9                           	bcf	3,0
    10  0000                     	endm
    11                           clrz	macro
    12                           	bcf	3,2
    13  0000                     	endm
    14                           setc	macro
    15                           	bsf	3,0
    16  0000                     	endm
    17                           setz	macro
    18                           	bsf	3,2
    19  0000                     	endm
    20                           skipc	macro
    21                           	btfss	3,0
    22  0000                     	endm
    23                           skipz	macro
    24                           	btfss	3,2
    25  0000                     	endm
    26                           skipnc	macro
    27                           	btfsc	3,0
    28  0000                     	endm
    29                           skipnz	macro
    30                           	btfsc	3,2
    31  0000                     	endm
    32  0000                     indf	equ	0
    33  0000                     indf0	equ	0
    34  0002                     pc	equ	2
    35  0002                     pcl	equ	2
    36  0003                     status	equ	3
    37  0004                     fsr	equ	4
    38  0004                     fsr0	equ	4
    39  0001                     c	equ	1
    40  0000                     z	equ	0
    41  000A                     pclath	equ	10
    42                           # 5 "GPIO.c"
    43                           psect config,class=CONFIG,delta=2 ;# 
    44                           # 5 "GPIO.c"
    45  2007  E0D5               dw 0xFFFD & 0xFFF7 & 0xFFFF & 0xFFDF & 0xFFFF & 0xFFFF & 0xFCFF & 0xFBFF & 0xF7FF & 0xEF
                                 FF ;# 
    46                           # 6 "GPIO.c"
    47                           psect config,class=CONFIG,delta=2 ;# 
    48                           # 6 "GPIO.c"
    49  2008  FFFF               dw 0xFFFF & 0xFFFF ;# 
    50                           	FNROOT	_main
    51                           	global	_PORTD
    52  0008                     _PORTD	set	0x8
    53                           	global	_OSCCON
    54  008F                     _OSCCON	set	0x8F
    55                           	global	_TRISB
    56  0086                     _TRISB	set	0x86
    57                           	global	_TRISD
    58  0088                     _TRISD	set	0x88
    59                           	global	_ANSELH
    60  0189                     _ANSELH	set	0x189
    61                           psect	maintext,global,class=CODE,delta=2,split=1
    62                           global __pmaintext
    63  0791                     __pmaintext:
    64                           	file	"C:\Users\CARLOS~1\AppData\Local\Temp\sa90."
    65                           	line	#
    66                           psect cinit,class=CODE,delta=2
    67                           global start_initialization
    68  078D                     start_initialization:
    69                           
    70                           psect cinit,class=CODE,delta=2,merge=1
    71                           global end_of_initialization
    72                           
    73                           ;End of C runtime variable initialization code
    74                           
    75  078D                     end_of_initialization:
    76  078D  0183               clrf status
    77  078E  120A  118A  2F91   ljmp _main	;jump to C main() function
    78                           psect	cstackCOMMON,class=COMMON,space=1
    79                           global __pcstackCOMMON
    80  0070                     __pcstackCOMMON:
    81                           	global	?_main
    82  0070                     ?_main:	; 0 bytes @ 0x0
    83                           	global	??_main
    84  0070                     ??_main:	; 0 bytes @ 0x0
    85  0070                     	ds	3
    86                           	global	main@i
    87  0073                     main@i:	; 2 bytes @ 0x3
    88  0073                     	ds	2
    89                           ;!
    90                           ;!Data Sizes:
    91                           ;!    Strings     0
    92                           ;!    Constant    0
    93                           ;!    Data        0
    94                           ;!    BSS         0
    95                           ;!    Persistent  0
    96                           ;!    Stack       0
    97                           ;!
    98                           ;!Auto Spaces:
    99                           ;!    Space          Size  Autos    Used
   100                           ;!    COMMON           14      5       5
   101                           ;!    BANK0            80      0       0
   102                           ;!    BANK1            80      0       0
   103                           ;!    BANK3            96      0       0
   104                           ;!    BANK2            96      0       0
   105                           
   106                           ;!
   107                           ;!Pointer List with Targets:
   108                           ;!
   109                           ;!    None.
   110                           
   111                           
   112                           ;!
   113                           ;!Critical Paths under _main in COMMON
   114                           ;!
   115                           ;!    None.
   116                           ;!
   117                           ;!Critical Paths under _main in BANK0
   118                           ;!
   119                           ;!    None.
   120                           ;!
   121                           ;!Critical Paths under _main in BANK1
   122                           ;!
   123                           ;!    None.
   124                           ;!
   125                           ;!Critical Paths under _main in BANK3
   126                           ;!
   127                           ;!    None.
   128                           ;!
   129                           ;!Critical Paths under _main in BANK2
   130                           ;!
   131                           ;!    None.
   132                           
   133 ;;
   134 ;;Main: autosize = 0, tempsize = 3, incstack = 0, save=0
   135 ;;
   136                           
   137                           ;!
   138                           ;!Call Graph Tables:
   139                           ;!
   140                           ;! ---------------------------------------------------------------------------------
   141                           ;! (Depth) Function   	        Calls       Base Space   Used Autos Params    Refs
   142                           ;! ---------------------------------------------------------------------------------
   143                           ;! (0) _main                                                 5     5      0      45
   144                           ;!                                              0 COMMON     5     5      0
   145                           ;! ---------------------------------------------------------------------------------
   146                           ;! Estimated maximum stack depth 0
   147                           ;! ---------------------------------------------------------------------------------
   148                           ;!
   149                           ;! Call Graph Graphs:
   150                           ;!
   151                           ;! _main (ROOT)
   152                           ;!
   153                           
   154                           ;! Address spaces:
   155                           
   156                           ;!Name               Size   Autos  Total    Cost      Usage
   157                           ;!BITCOMMON            E      0       0       0        0.0%
   158                           ;!EEDATA             100      0       0       0        0.0%
   159                           ;!NULL                 0      0       0       0        0.0%
   160                           ;!CODE                 0      0       0       0        0.0%
   161                           ;!COMMON               E      5       5       1       35.7%
   162                           ;!BITSFR0              0      0       0       1        0.0%
   163                           ;!SFR0                 0      0       0       1        0.0%
   164                           ;!BITSFR1              0      0       0       2        0.0%
   165                           ;!SFR1                 0      0       0       2        0.0%
   166                           ;!STACK                0      0       0       2        0.0%
   167                           ;!ABS                  0      0       0       3        0.0%
   168                           ;!BITBANK0            50      0       0       4        0.0%
   169                           ;!BITSFR3              0      0       0       4        0.0%
   170                           ;!SFR3                 0      0       0       4        0.0%
   171                           ;!BANK0               50      0       0       5        0.0%
   172                           ;!BITSFR2              0      0       0       5        0.0%
   173                           ;!SFR2                 0      0       0       5        0.0%
   174                           ;!BITBANK1            50      0       0       6        0.0%
   175                           ;!BANK1               50      0       0       7        0.0%
   176                           ;!BITBANK3            60      0       0       8        0.0%
   177                           ;!BANK3               60      0       0       9        0.0%
   178                           ;!BITBANK2            60      0       0      10        0.0%
   179                           ;!BANK2               60      0       0      11        0.0%
   180                           ;!DATA                 0      0       0      12        0.0%
   181                           
   182                           	global	_main
   183                           
   184 ;; *************** function _main *****************
   185 ;; Defined at:
   186 ;;		line 9 in file "GPIO.c"
   187 ;; Parameters:    Size  Location     Type
   188 ;;		None
   189 ;; Auto vars:     Size  Location     Type
   190 ;;  i               2    3[COMMON] int 
   191 ;; Return value:  Size  Location     Type
   192 ;;		None               void
   193 ;; Registers used:
   194 ;;		wreg, status,2, status,0, btemp+1
   195 ;; Tracked objects:
   196 ;;		On entry : 17F/0
   197 ;;		On exit  : 0/0
   198 ;;		Unchanged: 0/0
   199 ;; Data sizes:     COMMON   BANK0   BANK1   BANK3   BANK2
   200 ;;      Params:         0       0       0       0       0
   201 ;;      Locals:         2       0       0       0       0
   202 ;;      Temps:          3       0       0       0       0
   203 ;;      Totals:         5       0       0       0       0
   204 ;;Total ram usage:        5 bytes
   205 ;; This function calls:
   206 ;;		Nothing
   207 ;; This function is called by:
   208 ;;		Startup code after reset
   209 ;; This function uses a non-reentrant model
   210 ;;
   211                           psect	maintext
   212                           psect	maintext
   213                           	file	"GPIO.c"
   214                           	line	9
   215                           	global	__size_of_main
   216  006F                     	__size_of_main	equ	__end_of_main-_main
   217                           	
   218  0791                     _main:	
   219                           	opt	stack 8
   220                           ; Regs used in _main: [wreg+status,2+status,0+btemp+1]
   221                           	line	10
   222                           	
   223  0791                     l494:	
   224                           ;GPIO.c: 10: OSCCON = 0b01110001;
   225  0791  3071               	movlw	(071h)
   226  0792  1683               	bsf	status, 5	;RP0=1, select bank1
   227  0793  1303               	bcf	status, 6	;RP1=0, select bank1
   228  0794  008F               	movwf	(143)^080h	;volatile
   229                           	line	12
   230                           	
   231  0795                     l496:	
   232                           ;GPIO.c: 12: TRISD = 0x00;
   233  0795  0188               	clrf	(136)^080h	;volatile
   234                           	line	13
   235                           	
   236  0796                     l498:	
   237                           ;GPIO.c: 13: TRISB = 0x00;
   238  0796  0186               	clrf	(134)^080h	;volatile
   239                           	line	14
   240                           	
   241  0797                     l500:	
   242                           ;GPIO.c: 14: ANSELH = 0x00;
   243  0797  1683               	bsf	status, 5	;RP0=1, select bank3
   244  0798  1703               	bsf	status, 6	;RP1=1, select bank3
   245  0799  0189               	clrf	(393)^0180h	;volatile
   246  079A  2F9B               	goto	l502
   247                           	line	16
   248                           ;GPIO.c: 16: while(1){
   249                           	
   250  079B                     l15:	
   251                           	line	17
   252                           	
   253  079B                     l502:	
   254                           ;GPIO.c: 17: PORTD = 0x81;
   255  079B  3081               	movlw	(081h)
   256  079C  1283               	bcf	status, 5	;RP0=0, select bank0
   257  079D  1303               	bcf	status, 6	;RP1=0, select bank0
   258  079E  0088               	movwf	(8)	;volatile
   259                           	line	18
   260                           	
   261  079F                     l504:	
   262                           ;GPIO.c: 18: _delay((unsigned long)((500)*(8000000/4000.0)));
   263                           	opt asmopt_off
   264  079F  3006               movlw  6
   265  07A0  00F2               movwf	((??_main+0)+0+2),f
   266  07A1  3013               movlw	19
   267  07A2  00F1               movwf	((??_main+0)+0+1),f
   268  07A3  30B1               	movlw	177
   269  07A4  00F0               movwf	((??_main+0)+0),f
   270  07A5                     u67:
   271  07A5  0BF0               	decfsz	((??_main+0)+0),f
   272  07A6  2FA5               	goto	u67
   273  07A7  0BF1               	decfsz	((??_main+0)+0+1),f
   274  07A8  2FA5               	goto	u67
   275  07A9  0BF2               	decfsz	((??_main+0)+0+2),f
   276  07AA  2FA5               	goto	u67
   277  07AB  2FAC               	nop2
   278                           opt asmopt_on
   279                           
   280                           	line	19
   281                           	
   282  07AC                     l506:	
   283                           ;GPIO.c: 19: PORTD = ~PORTD;
   284  07AC  1283               	bcf	status, 5	;RP0=0, select bank0
   285  07AD  1303               	bcf	status, 6	;RP1=0, select bank0
   286  07AE  0988               	comf	(8),f	;volatile
   287                           	line	20
   288                           	
   289  07AF                     l508:	
   290                           ;GPIO.c: 20: _delay((unsigned long)((500)*(8000000/4000.0)));
   291                           	opt asmopt_off
   292  07AF  3006               movlw  6
   293  07B0  00F2               movwf	((??_main+0)+0+2),f
   294  07B1  3013               movlw	19
   295  07B2  00F1               movwf	((??_main+0)+0+1),f
   296  07B3  30B1               	movlw	177
   297  07B4  00F0               movwf	((??_main+0)+0),f
   298  07B5                     u77:
   299  07B5  0BF0               	decfsz	((??_main+0)+0),f
   300  07B6  2FB5               	goto	u77
   301  07B7  0BF1               	decfsz	((??_main+0)+0+1),f
   302  07B8  2FB5               	goto	u77
   303  07B9  0BF2               	decfsz	((??_main+0)+0+2),f
   304  07BA  2FB5               	goto	u77
   305  07BB  2FBC               	nop2
   306                           opt asmopt_on
   307                           
   308                           	line	21
   309                           ;GPIO.c: 21: for (int i=0; i<8; i++){
   310  07BC  01F3               	clrf	(main@i)
   311  07BD  01F4               	clrf	(main@i+1)
   312                           	
   313  07BE                     l510:	
   314  07BE  0874               	movf	(main@i+1),w
   315  07BF  3A80               	xorlw	80h
   316  07C0  00FF               	movwf	btemp+1
   317  07C1  3080               	movlw	(high(08h))^80h
   318  07C2  027F               	subwf	btemp+1,w
   319  07C3  1D03               	skipz
   320  07C4  2FC7               	goto	u35
   321  07C5  3008               	movlw	low(08h)
   322  07C6  0273               	subwf	(main@i),w
   323  07C7                     u35:
   324                           
   325  07C7  1C03               	skipc
   326  07C8  2FCA               	goto	u31
   327  07C9  2FCB               	goto	u30
   328  07CA                     u31:
   329  07CA  2FCD               	goto	l514
   330  07CB                     u30:
   331  07CB  2F9B               	goto	l502
   332                           	
   333  07CC                     l512:	
   334  07CC  2F9B               	goto	l502
   335                           	
   336  07CD                     l16:	
   337                           	line	22
   338                           	
   339  07CD                     l514:	
   340                           ;GPIO.c: 22: PORTD = 1<<i;
   341  07CD  3001               	movlw	(01h)
   342  07CE  00F0               	movwf	(??_main+0)+0
   343  07CF  0A73               	incf	(main@i),w
   344  07D0  2FD3               	goto	u44
   345  07D1                     u45:
   346  07D1  1003               	clrc
   347  07D2  0DF0               	rlf	(??_main+0)+0,f
   348  07D3                     u44:
   349  07D3  3EFF               	addlw	-1
   350  07D4  1D03               	skipz
   351  07D5  2FD1               	goto	u45
   352  07D6  0870               	movf	0+(??_main+0)+0,w
   353  07D7  1283               	bcf	status, 5	;RP0=0, select bank0
   354  07D8  1303               	bcf	status, 6	;RP1=0, select bank0
   355  07D9  0088               	movwf	(8)	;volatile
   356                           	line	23
   357                           	
   358  07DA                     l516:	
   359                           ;GPIO.c: 23: _delay((unsigned long)((500)*(8000000/4000.0)));
   360                           	opt asmopt_off
   361  07DA  3006               movlw  6
   362  07DB  00F2               movwf	((??_main+0)+0+2),f
   363  07DC  3013               movlw	19
   364  07DD  00F1               movwf	((??_main+0)+0+1),f
   365  07DE  30B1               	movlw	177
   366  07DF  00F0               movwf	((??_main+0)+0),f
   367  07E0                     u87:
   368  07E0  0BF0               	decfsz	((??_main+0)+0),f
   369  07E1  2FE0               	goto	u87
   370  07E2  0BF1               	decfsz	((??_main+0)+0+1),f
   371  07E3  2FE0               	goto	u87
   372  07E4  0BF2               	decfsz	((??_main+0)+0+2),f
   373  07E5  2FE0               	goto	u87
   374  07E6  2FE7               	nop2
   375                           opt asmopt_on
   376                           
   377                           	line	21
   378                           	
   379  07E7                     l518:	
   380  07E7  3001               	movlw	low(01h)
   381  07E8  07F3               	addwf	(main@i),f
   382  07E9  1803               	skipnc
   383  07EA  0AF4               	incf	(main@i+1),f
   384  07EB  3000               	movlw	high(01h)
   385  07EC  07F4               	addwf	(main@i+1),f
   386                           	
   387  07ED                     l520:	
   388  07ED  0874               	movf	(main@i+1),w
   389  07EE  3A80               	xorlw	80h
   390  07EF  00FF               	movwf	btemp+1
   391  07F0  3080               	movlw	(high(08h))^80h
   392  07F1  027F               	subwf	btemp+1,w
   393  07F2  1D03               	skipz
   394  07F3  2FF6               	goto	u55
   395  07F4  3008               	movlw	low(08h)
   396  07F5  0273               	subwf	(main@i),w
   397  07F6                     u55:
   398                           
   399  07F6  1C03               	skipc
   400  07F7  2FF9               	goto	u51
   401  07F8  2FFA               	goto	u50
   402  07F9                     u51:
   403  07F9  2FCD               	goto	l514
   404  07FA                     u50:
   405  07FA  2F9B               	goto	l502
   406                           	
   407  07FB                     l17:	
   408  07FB  2F9B               	goto	l502
   409                           	line	25
   410                           	
   411  07FC                     l18:	
   412                           	line	16
   413  07FC  2F9B               	goto	l502
   414                           	
   415  07FD                     l19:	
   416                           	line	27
   417                           ;GPIO.c: 24: }
   418                           ;GPIO.c: 25: }
   419                           ;GPIO.c: 26: return;
   420                           	
   421  07FD                     l20:	
   422                           	global	start
   423  07FD  120A  118A  2800   	ljmp	start
   424                           	opt stack 0
   425                           GLOBAL	__end_of_main
   426  0800                     	__end_of_main:
   427                           	signat	_main,88
   428                           psect	maintext
   429                           	global	btemp
   430  007E                     	btemp set 07Eh
   431                           
   432                           	DABS	1,126,2	;btemp
   433                           	global	wtemp0
   434  007E                     	wtemp0 set btemp


Data Sizes:
    Strings     0
    Constant    0
    Data        0
    BSS         0
    Persistent  0
    Stack       0

Auto Spaces:
    Space          Size  Autos    Used
    COMMON           14      5       5
    BANK0            80      0       0
    BANK1            80      0       0
    BANK3            96      0       0
    BANK2            96      0       0

Pointer List with Targets:

    None.

Critical Paths under _main in COMMON

    None.

Critical Paths under _main in BANK0

    None.

Critical Paths under _main in BANK1

    None.

Critical Paths under _main in BANK3

    None.

Critical Paths under _main in BANK2

    None.

Call Graph Tables:

 ---------------------------------------------------------------------------------
 (Depth) Function   	        Calls       Base Space   Used Autos Params    Refs
 ---------------------------------------------------------------------------------
 (0) _main                                                 5     5      0      45
                                              0 COMMON     5     5      0
 ---------------------------------------------------------------------------------
 Estimated maximum stack depth 0
 ---------------------------------------------------------------------------------

 Call Graph Graphs:

 _main (ROOT)

 Address spaces:
Name               Size   Autos  Total    Cost      Usage
BITCOMMON            E      0       0       0        0.0%
EEDATA             100      0       0       0        0.0%
NULL                 0      0       0       0        0.0%
CODE                 0      0       0       0        0.0%
COMMON               E      5       5       1       35.7%
BITSFR0              0      0       0       1        0.0%
SFR0                 0      0       0       1        0.0%
BITSFR1              0      0       0       2        0.0%
SFR1                 0      0       0       2        0.0%
STACK                0      0       0       2        0.0%
ABS                  0      0       0       3        0.0%
BITBANK0            50      0       0       4        0.0%
BITSFR3              0      0       0       4        0.0%
SFR3                 0      0       0       4        0.0%
BANK0               50      0       0       5        0.0%
BITSFR2              0      0       0       5        0.0%
SFR2                 0      0       0       5        0.0%
BITBANK1            50      0       0       6        0.0%
BANK1               50      0       0       7        0.0%
BITBANK3            60      0       0       8        0.0%
BANK3               60      0       0       9        0.0%
BITBANK2            60      0       0      10        0.0%
BANK2               60      0       0      11        0.0%
DATA                 0      0       0      12        0.0%


HI-TECH Software PICC Macro Assembler V1.00 build 12136 
Symbol Table                                                                                   Mon Feb 28 14:45:14 2022

                  l20 07FD                    l15 079B                    l16 07CD                    l17 07FB  
                  l18 07FC                    l19 07FD                    u30 07CB                    u31 07CA  
                  u50 07FA                    u51 07F9                    u35 07C7                    u44 07D3  
                  u45 07D1                    u55 07F6                    u67 07A5                    u77 07B5  
                  u87 07E0                   l500 0797                   l510 07BE                   l502 079B  
                 l520 07ED                   l512 07CC                   l504 079F                   l514 07CD  
                 l506 07AC                   l516 07DA                   l508 07AF                   l518 07E7  
                 l494 0791                   l496 0795                   l498 0796                  _main 0791  
                btemp 007E                  start 0000                 ?_main 0070                 _PORTD 0008  
               _TRISB 0086                 _TRISD 0088                 main@i 0073                 status 0003  
               wtemp0 007E          __end_of_main 0800                ??_main 0070                _ANSELH 0189  
              _OSCCON 008F        __pcstackCOMMON 0070            __pmaintext 0791  end_of_initialization 078D  
 start_initialization 078D         __size_of_main 006F  
