

HI-TECH Software PIC LITE Macro Assembler V1.00 build 12136 
                                                                                               Mon Feb 28 15:11:22 2022

HI-TECH Software Omniscient Code Generator (Lite mode) build 12136
     1  0000                     opt subtitle "HI-TECH Software Omniscient Code Generator (Lite mode) build 12136"
     2                           
     3                           opt pagewidth 120
     4                           
     5                           	opt lm
     6                           
     7                           	processor	16F887
     8                           clrc	macro
     9                           	bcf	3,0
    10  0000                     	endm
    11                           clrz	macro
    12                           	bcf	3,2
    13  0000                     	endm
    14                           setc	macro
    15                           	bsf	3,0
    16  0000                     	endm
    17                           setz	macro
    18                           	bsf	3,2
    19  0000                     	endm
    20                           skipc	macro
    21                           	btfss	3,0
    22  0000                     	endm
    23                           skipz	macro
    24                           	btfss	3,2
    25  0000                     	endm
    26                           skipnc	macro
    27                           	btfsc	3,0
    28  0000                     	endm
    29                           skipnz	macro
    30                           	btfsc	3,2
    31  0000                     	endm
    32  0000                     indf	equ	0
    33  0000                     indf0	equ	0
    34  0002                     pc	equ	2
    35  0002                     pcl	equ	2
    36  0003                     status	equ	3
    37  0004                     fsr	equ	4
    38  0004                     fsr0	equ	4
    39  0001                     c	equ	1
    40  0000                     z	equ	0
    41  000A                     pclath	equ	10
    42                           # 5 "ADC.c"
    43                           psect config,class=CONFIG,delta=2 ;# 
    44                           # 5 "ADC.c"
    45  2007  E0D5               dw 0xFFFD & 0xFFF7 & 0xFFFF & 0xFFDF & 0xFFFF & 0xFFFF & 0xFCFF & 0xFBFF & 0xF7FF & 0xEF
                                 FF ;# 
    46                           # 6 "ADC.c"
    47                           psect config,class=CONFIG,delta=2 ;# 
    48                           # 6 "ADC.c"
    49  2008  FFFF               dw 0xFFFF & 0xFFFF ;# 
    50                           	FNROOT	_main
    51                           	global	_ADCON0bits
    52  001F                     _ADCON0bits	set	0x1F
    53                           	global	_ADRESH
    54  001E                     _ADRESH	set	0x1E
    55                           	global	_PORTD
    56  0008                     _PORTD	set	0x8
    57                           	global	_ADCON1bits
    58  009F                     _ADCON1bits	set	0x9F
    59                           	global	_TRISD
    60  0088                     _TRISD	set	0x88
    61                           	global	_TRISA0
    62  0428                     _TRISA0	set	0x428
    63                           	global	_ANSEL
    64  0188                     _ANSEL	set	0x188
    65                           psect	maintext,global,class=CODE,delta=2,split=1
    66                           global __pmaintext
    67  07C5                     __pmaintext:
    68                           	file	"C:\Users\CARLOS~1\AppData\Local\Temp\s744."
    69                           	line	#
    70                           psect cinit,class=CODE,delta=2
    71                           global start_initialization
    72  07C1                     start_initialization:
    73                           
    74                           psect cinit,class=CODE,delta=2,merge=1
    75                           global end_of_initialization
    76                           
    77                           ;End of C runtime variable initialization code
    78                           
    79  07C1                     end_of_initialization:
    80  07C1  0183               clrf status
    81  07C2  120A  118A  2FC5   ljmp _main	;jump to C main() function
    82                           psect	cstackCOMMON,class=COMMON,space=1
    83                           global __pcstackCOMMON
    84  0070                     __pcstackCOMMON:
    85                           	global	?_main
    86  0070                     ?_main:	; 0 bytes @ 0x0
    87                           	global	??_main
    88  0070                     ??_main:	; 0 bytes @ 0x0
    89  0070                     	ds	3
    90                           ;!
    91                           ;!Data Sizes:
    92                           ;!    Strings     0
    93                           ;!    Constant    0
    94                           ;!    Data        0
    95                           ;!    BSS         0
    96                           ;!    Persistent  0
    97                           ;!    Stack       0
    98                           ;!
    99                           ;!Auto Spaces:
   100                           ;!    Space          Size  Autos    Used
   101                           ;!    COMMON           14      3       3
   102                           ;!    BANK0            80      0       0
   103                           ;!    BANK1            80      0       0
   104                           ;!    BANK3            96      0       0
   105                           ;!    BANK2            96      0       0
   106                           
   107                           ;!
   108                           ;!Pointer List with Targets:
   109                           ;!
   110                           ;!    None.
   111                           
   112                           
   113                           ;!
   114                           ;!Critical Paths under _main in COMMON
   115                           ;!
   116                           ;!    None.
   117                           ;!
   118                           ;!Critical Paths under _main in BANK0
   119                           ;!
   120                           ;!    None.
   121                           ;!
   122                           ;!Critical Paths under _main in BANK1
   123                           ;!
   124                           ;!    None.
   125                           ;!
   126                           ;!Critical Paths under _main in BANK3
   127                           ;!
   128                           ;!    None.
   129                           ;!
   130                           ;!Critical Paths under _main in BANK2
   131                           ;!
   132                           ;!    None.
   133                           
   134 ;;
   135 ;;Main: autosize = 0, tempsize = 3, incstack = 0, save=0
   136 ;;
   137                           
   138                           ;!
   139                           ;!Call Graph Tables:
   140                           ;!
   141                           ;! ---------------------------------------------------------------------------------
   142                           ;! (Depth) Function   	        Calls       Base Space   Used Autos Params    Refs
   143                           ;! ---------------------------------------------------------------------------------
   144                           ;! (0) _main                                                 3     3      0       0
   145                           ;!                                              0 COMMON     3     3      0
   146                           ;! ---------------------------------------------------------------------------------
   147                           ;! Estimated maximum stack depth 0
   148                           ;! ---------------------------------------------------------------------------------
   149                           ;!
   150                           ;! Call Graph Graphs:
   151                           ;!
   152                           ;! _main (ROOT)
   153                           ;!
   154                           
   155                           ;! Address spaces:
   156                           
   157                           ;!Name               Size   Autos  Total    Cost      Usage
   158                           ;!BITCOMMON            E      0       0       0        0.0%
   159                           ;!EEDATA             100      0       0       0        0.0%
   160                           ;!NULL                 0      0       0       0        0.0%
   161                           ;!CODE                 0      0       0       0        0.0%
   162                           ;!COMMON               E      3       3       1       21.4%
   163                           ;!BITSFR0              0      0       0       1        0.0%
   164                           ;!SFR0                 0      0       0       1        0.0%
   165                           ;!BITSFR1              0      0       0       2        0.0%
   166                           ;!SFR1                 0      0       0       2        0.0%
   167                           ;!STACK                0      0       0       2        0.0%
   168                           ;!ABS                  0      0       0       3        0.0%
   169                           ;!BITBANK0            50      0       0       4        0.0%
   170                           ;!BITSFR3              0      0       0       4        0.0%
   171                           ;!SFR3                 0      0       0       4        0.0%
   172                           ;!BANK0               50      0       0       5        0.0%
   173                           ;!BITSFR2              0      0       0       5        0.0%
   174                           ;!SFR2                 0      0       0       5        0.0%
   175                           ;!BITBANK1            50      0       0       6        0.0%
   176                           ;!BANK1               50      0       0       7        0.0%
   177                           ;!BITBANK3            60      0       0       8        0.0%
   178                           ;!BANK3               60      0       0       9        0.0%
   179                           ;!BITBANK2            60      0       0      10        0.0%
   180                           ;!BANK2               60      0       0      11        0.0%
   181                           ;!DATA                 0      0       0      12        0.0%
   182                           
   183                           	global	_main
   184                           
   185 ;; *************** function _main *****************
   186 ;; Defined at:
   187 ;;		line 8 in file "ADC.c"
   188 ;; Parameters:    Size  Location     Type
   189 ;;		None
   190 ;; Auto vars:     Size  Location     Type
   191 ;;		None
   192 ;; Return value:  Size  Location     Type
   193 ;;		None               void
   194 ;; Registers used:
   195 ;;		wreg, status,2, status,0
   196 ;; Tracked objects:
   197 ;;		On entry : 17F/0
   198 ;;		On exit  : 0/0
   199 ;;		Unchanged: 0/0
   200 ;; Data sizes:     COMMON   BANK0   BANK1   BANK3   BANK2
   201 ;;      Params:         0       0       0       0       0
   202 ;;      Locals:         0       0       0       0       0
   203 ;;      Temps:          3       0       0       0       0
   204 ;;      Totals:         3       0       0       0       0
   205 ;;Total ram usage:        3 bytes
   206 ;; This function calls:
   207 ;;		Nothing
   208 ;; This function is called by:
   209 ;;		Startup code after reset
   210 ;; This function uses a non-reentrant model
   211 ;;
   212                           psect	maintext
   213                           psect	maintext
   214                           	file	"ADC.c"
   215                           	line	8
   216                           	global	__size_of_main
   217  003B                     	__size_of_main	equ	__end_of_main-_main
   218                           	
   219  07C5                     _main:	
   220                           	opt	stack 8
   221                           ; Regs used in _main: [wreg+status,2+status,0]
   222                           	line	9
   223                           	
   224  07C5                     l482:	
   225                           ;ADC.c: 9: TRISD = 0x00;
   226  07C5  1683               	bsf	status, 5	;RP0=1, select bank1
   227  07C6  1303               	bcf	status, 6	;RP1=0, select bank1
   228  07C7  0188               	clrf	(136)^080h	;volatile
   229                           	line	10
   230                           	
   231  07C8                     l484:	
   232                           ;ADC.c: 10: TRISA0 = 1;
   233  07C8  1405               	bsf	(1064/8)^080h,(1064)&7	;volatile
   234                           	line	11
   235                           	
   236  07C9                     l486:	
   237                           ;ADC.c: 11: ANSEL = 0x01;
   238  07C9  3001               	movlw	(01h)
   239  07CA  1683               	bsf	status, 5	;RP0=1, select bank3
   240  07CB  1703               	bsf	status, 6	;RP1=1, select bank3
   241  07CC  0088               	movwf	(392)^0180h	;volatile
   242                           	line	13
   243                           	
   244  07CD                     l488:	
   245                           ;ADC.c: 13: ADCON1bits.ADFM = 0;
   246  07CD  1683               	bsf	status, 5	;RP0=1, select bank1
   247  07CE  1303               	bcf	status, 6	;RP1=0, select bank1
   248  07CF  139F               	bcf	(159)^080h,7	;volatile
   249                           	line	14
   250                           	
   251  07D0                     l490:	
   252                           ;ADC.c: 14: ADCON1bits.VCFG0 = 0;
   253  07D0  121F               	bcf	(159)^080h,4	;volatile
   254                           	line	15
   255                           	
   256  07D1                     l492:	
   257                           ;ADC.c: 15: ADCON1bits.VCFG1 = 0;
   258  07D1  129F               	bcf	(159)^080h,5	;volatile
   259                           	line	17
   260                           	
   261  07D2                     l494:	
   262                           ;ADC.c: 17: ADCON0bits.CHS = 0b0000;
   263  07D2  30C3               	movlw	((0 & ((1<<4)-1))<<2)|not (((1<<4)-1)<<2)
   264  07D3  1283               	bcf	status, 5	;RP0=0, select bank0
   265  07D4  1303               	bcf	status, 6	;RP1=0, select bank0
   266  07D5  059F               	andwf	(31),f	;volatile
   267                           	line	18
   268                           	
   269  07D6                     l496:	
   270                           ;ADC.c: 18: ADCON0bits.ADCS = 0b01;
   271  07D6  081F               	movf	(31),w	;volatile
   272  07D7  393F               	andlw	not (((1<<2)-1)<<6)
   273  07D8  3840               	iorlw	(01h & ((1<<2)-1))<<6
   274  07D9  009F               	movwf	(31)	;volatile
   275  07DA  2FDB               	goto	l498
   276                           	line	19
   277                           ;ADC.c: 19: while (1) {
   278                           	
   279  07DB                     l19:	
   280                           	line	20
   281                           	
   282  07DB                     l498:	
   283                           ;ADC.c: 20: ADCON0bits.ADON = 1;
   284  07DB  1283               	bcf	status, 5	;RP0=0, select bank0
   285  07DC  1303               	bcf	status, 6	;RP1=0, select bank0
   286  07DD  141F               	bsf	(31),0	;volatile
   287                           	line	21
   288                           	
   289  07DE                     l500:	
   290                           ;ADC.c: 21: _delay((unsigned long)((30)*(8000000/4000000.0)));
   291                           	opt asmopt_off
   292  07DE  3013               movlw	19
   293  07DF  00F0               movwf	(??_main+0)+0,f
   294  07E0                     u27:
   295  07E0  0BF0               decfsz	(??_main+0)+0,f
   296  07E1  2FE0               	goto	u27
   297  07E2  2FE3               	nop2	;nop
   298                           opt asmopt_on
   299                           
   300                           	line	22
   301                           	
   302  07E3                     l502:	
   303                           ;ADC.c: 22: ADCON0bits.GO = 1;
   304  07E3  1283               	bcf	status, 5	;RP0=0, select bank0
   305  07E4  1303               	bcf	status, 6	;RP1=0, select bank0
   306  07E5  149F               	bsf	(31),1	;volatile
   307                           	line	23
   308                           ;ADC.c: 23: while (ADCON0bits.GO);
   309  07E6  2FE7               	goto	l20
   310                           	
   311  07E7                     l21:	
   312                           	
   313  07E7                     l20:	
   314  07E7  189F               	btfsc	(31),1	;volatile
   315  07E8  2FEA               	goto	u11
   316  07E9  2FEB               	goto	u10
   317  07EA                     u11:
   318  07EA  2FE7               	goto	l20
   319  07EB                     u10:
   320                           	
   321  07EB                     l22:	
   322                           	line	24
   323                           ;ADC.c: 24: ADCON0bits.ADON = 0;
   324  07EB  101F               	bcf	(31),0	;volatile
   325                           	line	25
   326                           	
   327  07EC                     l504:	
   328                           ;ADC.c: 25: PORTD = ADRESH;
   329  07EC  081E               	movf	(30),w	;volatile
   330  07ED  0088               	movwf	(8)	;volatile
   331                           	line	26
   332                           ;ADC.c: 26: _delay((unsigned long)((500)*(8000000/4000.0)));
   333                           	opt asmopt_off
   334  07EE  3006               movlw  6
   335  07EF  00F2               movwf	((??_main+0)+0+2),f
   336  07F0  3013               movlw	19
   337  07F1  00F1               movwf	((??_main+0)+0+1),f
   338  07F2  30B1               	movlw	177
   339  07F3  00F0               movwf	((??_main+0)+0),f
   340  07F4                     u37:
   341  07F4  0BF0               	decfsz	((??_main+0)+0),f
   342  07F5  2FF4               	goto	u37
   343  07F6  0BF1               	decfsz	((??_main+0)+0+1),f
   344  07F7  2FF4               	goto	u37
   345  07F8  0BF2               	decfsz	((??_main+0)+0+2),f
   346  07F9  2FF4               	goto	u37
   347  07FA  2FFB               	nop2
   348                           opt asmopt_on
   349                           
   350  07FB  2FDB               	goto	l498
   351                           	line	27
   352                           	
   353  07FC                     l23:	
   354                           	line	19
   355  07FC  2FDB               	goto	l498
   356                           	
   357  07FD                     l24:	
   358                           	line	28
   359                           	
   360  07FD                     l25:	
   361                           	global	start
   362  07FD  120A  118A  2800   	ljmp	start
   363                           	opt stack 0
   364                           GLOBAL	__end_of_main
   365  0800                     	__end_of_main:
   366                           	signat	_main,88
   367                           psect	maintext
   368                           	global	btemp
   369  007E                     	btemp set 07Eh
   370                           
   371                           	DABS	1,126,2	;btemp
   372                           	global	wtemp0
   373  007E                     	wtemp0 set btemp


Data Sizes:
    Strings     0
    Constant    0
    Data        0
    BSS         0
    Persistent  0
    Stack       0

Auto Spaces:
    Space          Size  Autos    Used
    COMMON           14      3       3
    BANK0            80      0       0
    BANK1            80      0       0
    BANK3            96      0       0
    BANK2            96      0       0

Pointer List with Targets:

    None.

Critical Paths under _main in COMMON

    None.

Critical Paths under _main in BANK0

    None.

Critical Paths under _main in BANK1

    None.

Critical Paths under _main in BANK3

    None.

Critical Paths under _main in BANK2

    None.

Call Graph Tables:

 ---------------------------------------------------------------------------------
 (Depth) Function   	        Calls       Base Space   Used Autos Params    Refs
 ---------------------------------------------------------------------------------
 (0) _main                                                 3     3      0       0
                                              0 COMMON     3     3      0
 ---------------------------------------------------------------------------------
 Estimated maximum stack depth 0
 ---------------------------------------------------------------------------------

 Call Graph Graphs:

 _main (ROOT)

 Address spaces:
Name               Size   Autos  Total    Cost      Usage
BITCOMMON            E      0       0       0        0.0%
EEDATA             100      0       0       0        0.0%
NULL                 0      0       0       0        0.0%
CODE                 0      0       0       0        0.0%
COMMON               E      3       3       1       21.4%
BITSFR0              0      0       0       1        0.0%
SFR0                 0      0       0       1        0.0%
BITSFR1              0      0       0       2        0.0%
SFR1                 0      0       0       2        0.0%
STACK                0      0       0       2        0.0%
ABS                  0      0       0       3        0.0%
BITBANK0            50      0       0       4        0.0%
BITSFR3              0      0       0       4        0.0%
SFR3                 0      0       0       4        0.0%
BANK0               50      0       0       5        0.0%
BITSFR2              0      0       0       5        0.0%
SFR2                 0      0       0       5        0.0%
BITBANK1            50      0       0       6        0.0%
BANK1               50      0       0       7        0.0%
BITBANK3            60      0       0       8        0.0%
BANK3               60      0       0       9        0.0%
BITBANK2            60      0       0      10        0.0%
BANK2               60      0       0      11        0.0%
DATA                 0      0       0      12        0.0%


HI-TECH Software PICC Macro Assembler V1.00 build 12136 
Symbol Table                                                                                   Mon Feb 28 15:11:22 2022

                  l20 07E7                    l21 07E7                    l22 07EB                    l23 07FC  
                  l24 07FD                    l25 07FD                    l19 07DB                    u10 07EB  
                  u11 07EA                    u27 07E0                    u37 07F4                   l500 07DE  
                 l502 07E3                   l504 07EC                   l490 07D0                   l482 07C5  
                 l492 07D1                   l484 07C8                   l494 07D2                   l486 07C9  
                 l496 07D6                   l488 07CD                   l498 07DB                  _main 07C5  
                btemp 007E                  start 0000                 ?_main 0070                 _ANSEL 0188  
               _PORTD 0008                 _TRISD 0088                 status 0003                 wtemp0 007E  
        __end_of_main 0800                ??_main 0070                _ADRESH 001E                _TRISA0 0428  
      __pcstackCOMMON 0070            __pmaintext 07C5  end_of_initialization 07C1   start_initialization 07C1  
          _ADCON0bits 001F            _ADCON1bits 009F         __size_of_main 003B  
